[2022-09-18T10:56:06.549] [INFO] access - path: /api/goods/getListByPage | method: GET | ua: apifox/1.0.0 (https://www.apifox.cn)
[2022-09-18T17:53:19.283] [INFO] access - path: /api/login | method: POST | ua: apifox/1.0.0 (https://www.apifox.cn)
[2022-09-18T17:59:23.977] [INFO] access - path: /api/login | method: POST | ua: apifox/1.0.0 (https://www.apifox.cn)
[2022-09-18T18:00:00.318] [INFO] access - path: /api/login | method: POST | ua: apifox/1.0.0 (https://www.apifox.cn)
[2022-09-18T18:00:55.626] [INFO] access - path: /api/login | method: POST | ua: apifox/1.0.0 (https://www.apifox.cn)
[2022-09-18T18:05:30.846] [INFO] access - path: /api/login | method: POST | ua: apifox/1.0.0 (https://www.apifox.cn)
[2022-09-18T18:06:39.360] [INFO] access - path: /api/login | method: GET | ua: apifox/1.0.0 (https://www.apifox.cn)
[2022-09-18T18:07:55.222] [INFO] access - path: /api/login | method: GET | ua: apifox/1.0.0 (https://www.apifox.cn)
[2022-09-18T18:11:26.635] [INFO] access - path: /api/app/list | method: GET | ua: Mozilla/5.0 (Windows NT 10.0; Win64; x64) AppleWebKit/537.36 (KHTML, like Gecko) Chrome/90.0.4430.93 Safari/537.36
[2022-09-18T18:12:35.913] [INFO] access - path: /api/app/list | method: GET | ua: Mozilla/5.0 (Windows NT 10.0; Win64; x64) AppleWebKit/537.36 (KHTML, like Gecko) Chrome/90.0.4430.93 Safari/537.36
[2022-09-18T18:12:39.249] [INFO] access - path: /api/post | method: GET | ua: Mozilla/5.0 (Windows NT 10.0; Win64; x64) AppleWebKit/537.36 (KHTML, like Gecko) Chrome/90.0.4430.93 Safari/537.36
[2022-09-18T18:12:44.559] [INFO] access - path: /api/app/list | method: GET | ua: Mozilla/5.0 (Windows NT 10.0; Win64; x64) AppleWebKit/537.36 (KHTML, like Gecko) Chrome/90.0.4430.93 Safari/537.36
[2022-09-18T18:14:30.972] [INFO] access - path: /api/login | method: GET | ua: apifox/1.0.0 (https://www.apifox.cn)
[2022-09-18T18:16:40.841] [INFO] access - path: /api/login | method: GET | ua: Mozilla/5.0 (Windows NT 10.0; Win64; x64) AppleWebKit/537.36 (KHTML, like Gecko) Chrome/90.0.4430.93 Safari/537.36
[2022-09-18T18:17:03.367] [INFO] access - path: /api/login | method: GET | ua: apifox/1.0.0 (https://www.apifox.cn)
[2022-09-18T18:17:26.962] [INFO] access - path: /api/login | method: GET | ua: Mozilla/5.0 (Windows NT 10.0; Win64; x64) AppleWebKit/537.36 (KHTML, like Gecko) Chrome/90.0.4430.93 Safari/537.36
[2022-09-18T18:19:56.017] [INFO] access - path: /api/login | method: GET | ua: apifox/1.0.0 (https://www.apifox.cn)
[2022-09-18T22:13:55.290] [INFO] access - path: /api/goods/getListByPage | method: GET | ua: apifox/1.0.0 (https://www.apifox.cn)
[2022-09-19T06:41:20.734] [INFO] access - path: /api/login | method: GET | ua: apifox/1.0.0 (https://www.apifox.cn)
[2022-09-19T06:42:21.254] [INFO] access - path: /api/login | method: POST | ua: apifox/1.0.0 (https://www.apifox.cn)
[2022-09-19T13:37:11.647] [INFO] access - path: /api/login | method: POST | ua: apifox/1.0.0 (https://www.apifox.cn)
[2022-09-19T13:38:45.786] [INFO] access - path: /api/login | method: POST | ua: apifox/1.0.0 (https://www.apifox.cn)
[2022-09-19T23:39:29.768] [INFO] access - path: /api/admin/add | method: POST | ua: apifox/1.0.0 (https://www.apifox.cn)
[2022-09-19T23:42:59.663] [INFO] access - path: /api/admin/add | method: POST | ua: apifox/1.0.0 (https://www.apifox.cn)
[2022-09-19T23:43:37.361] [INFO] access - path: /api/admin/add | method: POST | ua: apifox/1.0.0 (https://www.apifox.cn)
[2022-09-19T23:48:26.417] [INFO] access - path: /api/goods/getListByPage | method: GET | ua: apifox/1.0.0 (https://www.apifox.cn)
[2022-09-19T23:48:42.160] [INFO] access - path: /api/goods/getListByPage | method: GET | ua: apifox/1.0.0 (https://www.apifox.cn)
[2022-09-19T23:49:03.648] [INFO] access - path: /api/admin/add | method: POST | ua: apifox/1.0.0 (https://www.apifox.cn)
[2022-09-19T23:49:47.439] [INFO] access - path: /api/admin/add | method: POST | ua: apifox/1.0.0 (https://www.apifox.cn)
[2022-09-19T23:49:52.165] [INFO] access - path: /api/admin/add | method: POST | ua: apifox/1.0.0 (https://www.apifox.cn)
[2022-09-19T23:51:44.519] [INFO] access - path: /api/admin/add | method: POST | ua: apifox/1.0.0 (https://www.apifox.cn)
[2022-09-19T23:51:47.554] [INFO] access - path: /api/admin/add | method: POST | ua: apifox/1.0.0 (https://www.apifox.cn)
[2022-09-19T23:52:05.551] [INFO] access - path: /api/admin/add | method: POST | ua: apifox/1.0.0 (https://www.apifox.cn)
[2022-09-19T23:52:37.335] [INFO] access - path: /api/admin/add | method: POST | ua: apifox/1.0.0 (https://www.apifox.cn)
[2022-09-19T23:52:40.632] [INFO] access - path: /api/admin/add | method: POST | ua: apifox/1.0.0 (https://www.apifox.cn)
[2022-09-19T23:52:42.843] [INFO] access - path: /api/admin/add | method: POST | ua: apifox/1.0.0 (https://www.apifox.cn)
[2022-09-19T23:54:04.279] [INFO] access - path: /api/admin/add | method: POST | ua: apifox/1.0.0 (https://www.apifox.cn)
[2022-09-19T23:57:05.014] [INFO] access - path: /api/admin/add | method: POST | ua: apifox/1.0.0 (https://www.apifox.cn)
[2022-09-19T23:58:32.439] [INFO] access - path: /api/admin/add | method: POST | ua: apifox/1.0.0 (https://www.apifox.cn)
[2022-09-19T23:59:22.649] [INFO] access - path: /api/admin/add | method: POST | ua: apifox/1.0.0 (https://www.apifox.cn)
[2022-09-20T00:01:10.359] [INFO] access - path: /api/admin/add | method: POST | ua: apifox/1.0.0 (https://www.apifox.cn)
[2022-09-20T00:04:05.107] [INFO] access - path: /api/admin/add2 | method: POST | ua: apifox/1.0.0 (https://www.apifox.cn)
[2022-09-20T00:04:22.098] [INFO] access - path: /api/admin/add | method: POST | ua: apifox/1.0.0 (https://www.apifox.cn)
[2022-09-20T00:08:12.952] [INFO] access - path: /api/admin/add | method: POST | ua: apifox/1.0.0 (https://www.apifox.cn)
[2022-09-20T00:09:28.867] [INFO] access - path: /api/goods/getListByPage | method: GET | ua: apifox/1.0.0 (https://www.apifox.cn)
[2022-09-20T00:10:54.776] [INFO] access - path: /api/goods/getListByPage | method: GET | ua: apifox/1.0.0 (https://www.apifox.cn)
[2022-09-20T00:12:59.800] [INFO] access - path: /api/goods/getListByPage | method: GET | ua: apifox/1.0.0 (https://www.apifox.cn)
[2022-09-20T00:13:25.880] [INFO] access - path: /api/admin/add | method: POST | ua: apifox/1.0.0 (https://www.apifox.cn)
[2022-09-20T00:19:30.556] [INFO] access - path: /api/login | method: POST | ua: apifox/1.0.0 (https://www.apifox.cn)
[2022-09-20T00:19:37.377] [INFO] access - path: /api/admin/add | method: POST | ua: apifox/1.0.0 (https://www.apifox.cn)
[2022-09-20T00:21:15.139] [INFO] access - path: /api/admin/add | method: POST | ua: apifox/1.0.0 (https://www.apifox.cn)
[2022-09-20T00:21:51.477] [INFO] access - path: /api/admin/add | method: POST | ua: apifox/1.0.0 (https://www.apifox.cn)
[2022-09-20T00:24:15.762] [INFO] access - path: /api/admin/add | method: POST | ua: apifox/1.0.0 (https://www.apifox.cn)
[2022-09-20T00:24:41.650] [INFO] access - path: /api/admin/add | method: POST | ua: apifox/1.0.0 (https://www.apifox.cn)
[2022-09-20T00:25:32.627] [INFO] access - path: /api/admin/add | method: POST | ua: apifox/1.0.0 (https://www.apifox.cn)
[2022-09-20T00:26:37.317] [INFO] access - path: /api/admin/add | method: POST | ua: apifox/1.0.0 (https://www.apifox.cn)
[2022-09-20T00:27:41.691] [INFO] access - path: /api/admin/add | method: POST | ua: apifox/1.0.0 (https://www.apifox.cn)
[2022-09-20T00:28:07.175] [INFO] access - path: /api/admin/add | method: POST | ua: apifox/1.0.0 (https://www.apifox.cn)
[2022-09-20T00:28:24.761] [INFO] access - path: /api/admin/add | method: POST | ua: apifox/1.0.0 (https://www.apifox.cn)
[2022-09-20T00:28:47.798] [INFO] access - path: /api/admin/add | method: POST | ua: apifox/1.0.0 (https://www.apifox.cn)
[2022-09-20T00:30:57.508] [INFO] access - path: /api/admin/add | method: POST | ua: apifox/1.0.0 (https://www.apifox.cn)
[2022-09-20T00:31:14.028] [INFO] access - path: /api/admin/add | method: POST | ua: apifox/1.0.0 (https://www.apifox.cn)
[2022-09-20T00:31:18.625] [INFO] access - path: /api/admin/add | method: POST | ua: apifox/1.0.0 (https://www.apifox.cn)
[2022-09-20T00:31:27.786] [INFO] access - path: /api/admin/add | method: POST | ua: apifox/1.0.0 (https://www.apifox.cn)
[2022-09-20T00:31:31.087] [INFO] access - path: /api/admin/add | method: POST | ua: apifox/1.0.0 (https://www.apifox.cn)
[2022-09-20T00:31:34.379] [INFO] access - path: /api/admin/add | method: POST | ua: apifox/1.0.0 (https://www.apifox.cn)
[2022-09-20T00:31:37.820] [INFO] access - path: /api/admin/add | method: POST | ua: apifox/1.0.0 (https://www.apifox.cn)
[2022-09-20T00:35:55.285] [INFO] access - path: /api/admin/add | method: POST | ua: apifox/1.0.0 (https://www.apifox.cn)
[2022-09-20T00:36:04.159] [INFO] access - path: /api/admin/add | method: POST | ua: apifox/1.0.0 (https://www.apifox.cn)
[2022-09-20T00:36:31.974] [INFO] access - path: /api/admin/add | method: POST | ua: apifox/1.0.0 (https://www.apifox.cn)
[2022-09-20T00:37:00.063] [INFO] access - path: /api/admin/add | method: POST | ua: apifox/1.0.0 (https://www.apifox.cn)
[2022-09-20T13:24:13.697] [INFO] access - path: /api/admin/add | method: POST | ua: apifox/1.0.0 (https://www.apifox.cn)
