[2022-09-18T10:45:27.676] [INFO] db - Executing (default): SELECT 1+1 AS result
[2022-09-18T10:45:42.151] [INFO] db - Executing (default): SELECT 1+1 AS result
[2022-09-18T10:48:09.382] [INFO] db - Executing (default): SELECT 1+1 AS result
[2022-09-18T10:56:06.566] [INFO] db - Executing (default): SELECT count(*) AS `count` FROM `Goods` AS `Goods` WHERE `Goods`.`product_name` LIKE '%芹%' AND `Goods`.`shop_name` LIKE '%金%';
[2022-09-18T10:56:06.567] [INFO] db - Executing (default): SELECT `id`, `product_name` AS `productName`, `unit_price` AS `unitPrice`, `unit`, `shop_name` AS `shopName`, `position`, `spec`, `create_time` AS `createTime`, `update_time` AS `updateTime` FROM `Goods` AS `Goods` WHERE `Goods`.`product_name` LIKE '%芹%' AND `Goods`.`shop_name` LIKE '%金%' LIMIT 0, 15;
[2022-09-18T17:44:01.375] [INFO] db - Executing (default): SELECT 1+1 AS result
[2022-09-18T17:47:47.607] [INFO] db - Executing (default): SELECT 1+1 AS result
[2022-09-18T17:59:09.406] [INFO] db - Executing (default): SELECT 1+1 AS result
[2022-09-18T17:59:56.301] [INFO] db - Executing (default): SELECT 1+1 AS result
[2022-09-18T18:00:00.324] [INFO] db - Executing (default): SELECT `id`, `name` FROM `Admin` AS `Admin` WHERE `Admin`.`id` = 10;
[2022-09-18T18:00:49.758] [INFO] db - Executing (default): SELECT 1+1 AS result
[2022-09-18T18:00:54.249] [INFO] db - Executing (default): SELECT 1+1 AS result
[2022-09-18T18:00:55.634] [INFO] db - Executing (default): SELECT `id`, `name` FROM `Admin` AS `Admin` WHERE `Admin`.`id` = 10;
[2022-09-18T18:05:29.669] [INFO] db - Executing (default): SELECT 1+1 AS result
[2022-09-18T18:05:30.854] [INFO] db - Executing (default): SELECT `id`, `name` FROM `Admin` AS `Admin` WHERE `Admin`.`id` = 10;
[2022-09-18T18:06:29.875] [INFO] db - Executing (default): SELECT 1+1 AS result
[2022-09-18T18:06:39.369] [INFO] db - Executing (default): SELECT `id`, `name` FROM `Admin` AS `Admin` WHERE `Admin`.`id` = 10;
[2022-09-18T18:07:55.228] [INFO] db - Executing (default): SELECT `id`, `name` FROM `Admin` AS `Admin` WHERE `Admin`.`id` = 10;
[2022-09-18T18:14:30.978] [INFO] db - Executing (default): SELECT `id`, `name` FROM `Admin` AS `Admin` WHERE `Admin`.`id` = 10;
[2022-09-18T18:16:40.846] [INFO] db - Executing (default): SELECT `id`, `name` FROM `Admin` AS `Admin` WHERE `Admin`.`id` = 10;
[2022-09-18T18:17:03.369] [INFO] db - Executing (default): SELECT `id`, `name` FROM `Admin` AS `Admin` WHERE `Admin`.`id` = 10;
[2022-09-18T18:17:26.964] [INFO] db - Executing (default): SELECT `id`, `name` FROM `Admin` AS `Admin` WHERE `Admin`.`id` = 10;
[2022-09-18T18:19:56.021] [INFO] db - Executing (default): SELECT `id`, `name` FROM `Admin` AS `Admin` WHERE `Admin`.`id` = 10;
[2022-09-18T22:12:12.566] [INFO] db - Executing (default): SELECT 1+1 AS result
[2022-09-18T22:13:55.309] [INFO] db - Executing (default): SELECT count(*) AS `count` FROM `Goods` AS `Goods` WHERE `Goods`.`product_name` LIKE '%芹菜%' AND `Goods`.`shop_name` LIKE '%金%';
[2022-09-18T22:13:55.310] [INFO] db - Executing (default): SELECT `id`, `product_name` AS `productName`, `unit_price` AS `unitPrice`, `unit`, `shop_name` AS `shopName`, `position`, `spec`, `create_time` AS `createTime`, `update_time` AS `updateTime` FROM `Goods` AS `Goods` WHERE `Goods`.`product_name` LIKE '%芹菜%' AND `Goods`.`shop_name` LIKE '%金%' LIMIT 0, 15;
[2022-09-18T22:29:18.675] [INFO] db - Executing (default): SELECT 1+1 AS result
[2022-09-19T06:32:15.059] [INFO] db - Executing (default): SELECT 1+1 AS result
[2022-09-19T06:41:08.585] [INFO] db - Executing (default): SELECT 1+1 AS result
[2022-09-19T06:41:20.742] [INFO] db - Executing (default): SELECT `id`, `name` FROM `Admin` AS `Admin` WHERE `Admin`.`id` = 10;
[2022-09-19T06:42:02.038] [INFO] db - Executing (default): SELECT 1+1 AS result
[2022-09-19T06:42:11.989] [INFO] db - Executing (default): SELECT 1+1 AS result
[2022-09-19T06:42:21.261] [INFO] db - Executing (default): SELECT `id`, `name` FROM `Admin` AS `Admin` WHERE `Admin`.`id` = 10;
[2022-09-19T13:21:19.650] [INFO] db - Executing (default): SELECT 1+1 AS result
[2022-09-19T13:37:11.659] [INFO] db - Executing (default): SELECT `id`, `name` FROM `Admin` AS `Admin` WHERE `Admin`.`id` = 10;
[2022-09-19T13:38:41.807] [INFO] db - Executing (default): SELECT 1+1 AS result
[2022-09-19T13:38:45.793] [INFO] db - Executing (default): SELECT `id`, `name` FROM `Admin` AS `Admin` WHERE `Admin`.`id` = 10;
[2022-09-19T13:39:04.106] [INFO] db - Executing (default): SELECT 1+1 AS result
