[2022-08-27T03:50:51.757] [INFO] access - path: /api/login | method: GET | ua: Mozilla/5.0 (Windows NT 10.0; Win64; x64) AppleWebKit/537.36 (KHTML, like Gecko) Chrome/90.0.4430.93 Safari/537.36
[2022-08-27T03:50:52.070] [INFO] access - path: /favicon.ico | method: GET | ua: Mozilla/5.0 (Windows NT 10.0; Win64; x64) AppleWebKit/537.36 (KHTML, like Gecko) Chrome/90.0.4430.93 Safari/537.36
[2022-08-27T03:52:08.880] [INFO] access - path: /api/login | method: GET | ua: Mozilla/5.0 (Windows NT 10.0; Win64; x64) AppleWebKit/537.36 (KHTML, like Gecko) Chrome/90.0.4430.93 Safari/537.36
[2022-08-27T03:54:43.365] [INFO] access - path: /api/login | method: GET | ua: Mozilla/5.0 (Windows NT 10.0; Win64; x64) AppleWebKit/537.36 (KHTML, like Gecko) Chrome/90.0.4430.93 Safari/537.36
[2022-08-27T03:54:48.316] [INFO] access - path: /api/login | method: GET | ua: Mozilla/5.0 (Windows NT 10.0; Win64; x64) AppleWebKit/537.36 (KHTML, like Gecko) Chrome/90.0.4430.93 Safari/537.36
[2022-08-27T03:56:41.705] [INFO] access - path: /api/login | method: GET | ua: Mozilla/5.0 (Windows NT 10.0; Win64; x64) AppleWebKit/537.36 (KHTML, like Gecko) Chrome/90.0.4430.93 Safari/537.36
[2022-08-27T03:56:51.098] [INFO] access - path: /api/login | method: GET | ua: Mozilla/5.0 (Windows NT 10.0; Win64; x64) AppleWebKit/537.36 (KHTML, like Gecko) Chrome/90.0.4430.93 Safari/537.36
[2022-08-27T03:56:54.089] [INFO] access - path: /api/login | method: GET | ua: Mozilla/5.0 (Windows NT 10.0; Win64; x64) AppleWebKit/537.36 (KHTML, like Gecko) Chrome/90.0.4430.93 Safari/537.36
[2022-08-27T03:58:16.218] [INFO] access - path: /api/login | method: GET | ua: Mozilla/5.0 (Windows NT 10.0; Win64; x64) AppleWebKit/537.36 (KHTML, like Gecko) Chrome/90.0.4430.93 Safari/537.36
[2022-08-27T03:58:31.466] [INFO] access - path: /api/login | method: GET | ua: Mozilla/5.0 (Windows NT 10.0; Win64; x64) AppleWebKit/537.36 (KHTML, like Gecko) Chrome/90.0.4430.93 Safari/537.36
[2022-08-27T03:59:08.406] [INFO] access - path: /api/login | method: GET | ua: Mozilla/5.0 (Windows NT 10.0; Win64; x64) AppleWebKit/537.36 (KHTML, like Gecko) Chrome/90.0.4430.93 Safari/537.36
[2022-08-27T03:59:14.527] [INFO] access - path: /api/login | method: GET | ua: Mozilla/5.0 (Windows NT 10.0; Win64; x64) AppleWebKit/537.36 (KHTML, like Gecko) Chrome/90.0.4430.93 Safari/537.36
[2022-08-27T04:14:45.117] [INFO] access - path: /api/login | method: GET | ua: Mozilla/5.0 (Windows NT 10.0; Win64; x64) AppleWebKit/537.36 (KHTML, like Gecko) Chrome/90.0.4430.93 Safari/537.36
[2022-08-27T04:15:00.079] [INFO] access - path: /api/x | method: GET | ua: Mozilla/5.0 (Windows NT 10.0; Win64; x64) AppleWebKit/537.36 (KHTML, like Gecko) Chrome/90.0.4430.93 Safari/537.36
[2022-08-27T04:16:07.442] [INFO] access - path: /admin | method: GET | ua: Mozilla/5.0 (Windows NT 10.0; Win64; x64) AppleWebKit/537.36 (KHTML, like Gecko) Chrome/90.0.4430.93 Safari/537.36
[2022-08-27T04:16:59.858] [INFO] access - path: /admin | method: GET | ua: Mozilla/5.0 (Windows NT 10.0; Win64; x64) AppleWebKit/537.36 (KHTML, like Gecko) Chrome/90.0.4430.93 Safari/537.36
[2022-08-27T04:17:08.711] [INFO] access - path: / | method: GET | ua: Mozilla/5.0 (Windows NT 10.0; Win64; x64) AppleWebKit/537.36 (KHTML, like Gecko) Chrome/90.0.4430.93 Safari/537.36
[2022-08-27T04:17:16.405] [INFO] access - path: /api/admin | method: GET | ua: Mozilla/5.0 (Windows NT 10.0; Win64; x64) AppleWebKit/537.36 (KHTML, like Gecko) Chrome/90.0.4430.93 Safari/537.36
[2022-08-27T04:23:54.267] [INFO] access - path: /api/login | method: GET | ua: Mozilla/5.0 (Windows NT 10.0; Win64; x64) AppleWebKit/537.36 (KHTML, like Gecko) Chrome/90.0.4430.93 Safari/537.36
[2022-08-27T04:26:44.813] [INFO] access - path: /api/ | method: GET | ua: Mozilla/5.0 (Windows NT 10.0; Win64; x64) AppleWebKit/537.36 (KHTML, like Gecko) Chrome/90.0.4430.93 Safari/537.36
[2022-08-27T04:27:08.741] [INFO] access - path: /api | method: GET | ua: Mozilla/5.0 (Windows NT 10.0; Win64; x64) AppleWebKit/537.36 (KHTML, like Gecko) Chrome/90.0.4430.93 Safari/537.36
[2022-08-27T04:28:39.123] [INFO] access - path: /api | method: GET | ua: Mozilla/5.0 (Windows NT 10.0; Win64; x64) AppleWebKit/537.36 (KHTML, like Gecko) Chrome/90.0.4430.93 Safari/537.36
[2022-08-27T04:29:16.510] [INFO] access - path: /api | method: GET | ua: Mozilla/5.0 (Windows NT 10.0; Win64; x64) AppleWebKit/537.36 (KHTML, like Gecko) Chrome/90.0.4430.93 Safari/537.36
[2022-08-27T04:29:17.250] [INFO] access - path: /api | method: GET | ua: Mozilla/5.0 (Windows NT 10.0; Win64; x64) AppleWebKit/537.36 (KHTML, like Gecko) Chrome/90.0.4430.93 Safari/537.36
[2022-08-27T04:29:17.925] [INFO] access - path: /api | method: GET | ua: Mozilla/5.0 (Windows NT 10.0; Win64; x64) AppleWebKit/537.36 (KHTML, like Gecko) Chrome/90.0.4430.93 Safari/537.36
[2022-08-27T04:29:18.451] [INFO] access - path: /api | method: GET | ua: Mozilla/5.0 (Windows NT 10.0; Win64; x64) AppleWebKit/537.36 (KHTML, like Gecko) Chrome/90.0.4430.93 Safari/537.36
[2022-08-27T04:30:10.518] [INFO] access - path: /api/login | method: GET | ua: Mozilla/5.0 (Windows NT 10.0; Win64; x64) AppleWebKit/537.36 (KHTML, like Gecko) Chrome/90.0.4430.93 Safari/537.36
[2022-08-27T04:30:58.881] [INFO] access - path: /api/login | method: GET | ua: Mozilla/5.0 (Windows NT 10.0; Win64; x64) AppleWebKit/537.36 (KHTML, like Gecko) Chrome/90.0.4430.93 Safari/537.36
[2022-08-27T04:31:55.361] [INFO] access - path: /api/login | method: GET | ua: Mozilla/5.0 (Windows NT 10.0; Win64; x64) AppleWebKit/537.36 (KHTML, like Gecko) Chrome/90.0.4430.93 Safari/537.36
[2022-08-27T04:32:05.305] [INFO] access - path: /api/login | method: GET | ua: Mozilla/5.0 (Windows NT 10.0; Win64; x64) AppleWebKit/537.36 (KHTML, like Gecko) Chrome/90.0.4430.93 Safari/537.36
[2022-08-27T04:32:07.942] [INFO] access - path: /api/login | method: GET | ua: Mozilla/5.0 (Windows NT 10.0; Win64; x64) AppleWebKit/537.36 (KHTML, like Gecko) Chrome/90.0.4430.93 Safari/537.36
[2022-08-27T04:32:08.707] [INFO] access - path: /api/login | method: GET | ua: Mozilla/5.0 (Windows NT 10.0; Win64; x64) AppleWebKit/537.36 (KHTML, like Gecko) Chrome/90.0.4430.93 Safari/537.36
[2022-08-27T04:32:09.149] [INFO] access - path: /api/login | method: GET | ua: Mozilla/5.0 (Windows NT 10.0; Win64; x64) AppleWebKit/537.36 (KHTML, like Gecko) Chrome/90.0.4430.93 Safari/537.36
[2022-08-27T04:32:09.598] [INFO] access - path: /api/login | method: GET | ua: Mozilla/5.0 (Windows NT 10.0; Win64; x64) AppleWebKit/537.36 (KHTML, like Gecko) Chrome/90.0.4430.93 Safari/537.36
[2022-08-27T04:32:10.068] [INFO] access - path: /api/login | method: GET | ua: Mozilla/5.0 (Windows NT 10.0; Win64; x64) AppleWebKit/537.36 (KHTML, like Gecko) Chrome/90.0.4430.93 Safari/537.36
[2022-08-27T04:32:25.504] [INFO] access - path: /api/login | method: GET | ua: Mozilla/5.0 (Windows NT 10.0; Win64; x64) AppleWebKit/537.36 (KHTML, like Gecko) Chrome/90.0.4430.93 Safari/537.36
[2022-08-27T04:39:02.681] [INFO] access - path: /api/login | method: GET | ua: Mozilla/5.0 (Windows NT 10.0; Win64; x64) AppleWebKit/537.36 (KHTML, like Gecko) Chrome/90.0.4430.93 Safari/537.36
[2022-08-27T04:39:06.296] [INFO] access - path: /api | method: GET | ua: Mozilla/5.0 (Windows NT 10.0; Win64; x64) AppleWebKit/537.36 (KHTML, like Gecko) Chrome/90.0.4430.93 Safari/537.36
[2022-08-27T04:39:14.507] [INFO] access - path: /api/ | method: GET | ua: Mozilla/5.0 (Windows NT 10.0; Win64; x64) AppleWebKit/537.36 (KHTML, like Gecko) Chrome/90.0.4430.93 Safari/537.36
[2022-08-27T04:39:40.062] [INFO] access - path: /api/ | method: GET | ua: Mozilla/5.0 (Windows NT 10.0; Win64; x64) AppleWebKit/537.36 (KHTML, like Gecko) Chrome/90.0.4430.93 Safari/537.36
[2022-08-27T04:39:46.164] [INFO] access - path: /api | method: GET | ua: Mozilla/5.0 (Windows NT 10.0; Win64; x64) AppleWebKit/537.36 (KHTML, like Gecko) Chrome/90.0.4430.93 Safari/537.36
[2022-08-27T04:40:40.265] [INFO] access - path: /api | method: GET | ua: Mozilla/5.0 (Windows NT 10.0; Win64; x64) AppleWebKit/537.36 (KHTML, like Gecko) Chrome/90.0.4430.93 Safari/537.36
[2022-08-27T04:43:15.059] [INFO] access - path: /api | method: GET | ua: Mozilla/5.0 (Windows NT 10.0; Win64; x64) AppleWebKit/537.36 (KHTML, like Gecko) Chrome/90.0.4430.93 Safari/537.36
[2022-08-27T04:43:17.729] [INFO] access - path: /api | method: GET | ua: Mozilla/5.0 (Windows NT 10.0; Win64; x64) AppleWebKit/537.36 (KHTML, like Gecko) Chrome/90.0.4430.93 Safari/537.36
[2022-08-27T04:47:15.707] [INFO] access - path: /api | method: GET | ua: Mozilla/5.0 (Windows NT 10.0; Win64; x64) AppleWebKit/537.36 (KHTML, like Gecko) Chrome/90.0.4430.93 Safari/537.36
[2022-08-27T04:47:36.596] [INFO] access - path: /api | method: GET | ua: Mozilla/5.0 (Windows NT 10.0; Win64; x64) AppleWebKit/537.36 (KHTML, like Gecko) Chrome/90.0.4430.93 Safari/537.36
[2022-08-27T04:47:37.351] [INFO] access - path: /api | method: GET | ua: Mozilla/5.0 (Windows NT 10.0; Win64; x64) AppleWebKit/537.36 (KHTML, like Gecko) Chrome/90.0.4430.93 Safari/537.36
[2022-08-27T04:47:52.722] [INFO] access - path: /api | method: GET | ua: Mozilla/5.0 (Windows NT 10.0; Win64; x64) AppleWebKit/537.36 (KHTML, like Gecko) Chrome/90.0.4430.93 Safari/537.36
[2022-08-27T04:48:10.369] [INFO] access - path: /api | method: GET | ua: Mozilla/5.0 (Windows NT 10.0; Win64; x64) AppleWebKit/537.36 (KHTML, like Gecko) Chrome/90.0.4430.93 Safari/537.36
[2022-08-27T04:48:22.546] [INFO] access - path: /api | method: GET | ua: Mozilla/5.0 (Windows NT 10.0; Win64; x64) AppleWebKit/537.36 (KHTML, like Gecko) Chrome/90.0.4430.93 Safari/537.36
[2022-08-27T04:49:02.989] [INFO] access - path: /api | method: GET | ua: Mozilla/5.0 (Windows NT 10.0; Win64; x64) AppleWebKit/537.36 (KHTML, like Gecko) Chrome/90.0.4430.93 Safari/537.36
[2022-08-27T04:49:14.114] [INFO] access - path: /api | method: GET | ua: Mozilla/5.0 (Windows NT 10.0; Win64; x64) AppleWebKit/537.36 (KHTML, like Gecko) Chrome/90.0.4430.93 Safari/537.36
[2022-08-27T04:49:20.473] [INFO] access - path: /api | method: GET | ua: Mozilla/5.0 (Windows NT 10.0; Win64; x64) AppleWebKit/537.36 (KHTML, like Gecko) Chrome/90.0.4430.93 Safari/537.36
[2022-08-27T04:49:42.643] [INFO] access - path: /api | method: GET | ua: Mozilla/5.0 (Windows NT 10.0; Win64; x64) AppleWebKit/537.36 (KHTML, like Gecko) Chrome/90.0.4430.93 Safari/537.36
[2022-08-27T04:50:00.960] [INFO] access - path: /api | method: GET | ua: Mozilla/5.0 (Windows NT 10.0; Win64; x64) AppleWebKit/537.36 (KHTML, like Gecko) Chrome/90.0.4430.93 Safari/537.36
[2022-08-27T04:50:42.285] [INFO] access - path: /api | method: GET | ua: Mozilla/5.0 (Windows NT 10.0; Win64; x64) AppleWebKit/537.36 (KHTML, like Gecko) Chrome/90.0.4430.93 Safari/537.36
[2022-08-27T04:57:30.693] [INFO] access - path: /api | method: GET | ua: Mozilla/5.0 (Windows NT 10.0; Win64; x64) AppleWebKit/537.36 (KHTML, like Gecko) Chrome/90.0.4430.93 Safari/537.36
[2022-08-27T04:57:58.831] [INFO] access - path: /api | method: GET | ua: Mozilla/5.0 (Windows NT 10.0; Win64; x64) AppleWebKit/537.36 (KHTML, like Gecko) Chrome/90.0.4430.93 Safari/537.36
[2022-08-27T05:08:45.844] [INFO] access - path: /api | method: GET | ua: ApiPOST Runtime +https://www.apipost.cn
[2022-08-27T05:09:37.449] [INFO] access - path: /api/login | method: GET | ua: ApiPOST Runtime +https://www.apipost.cn
[2022-08-27T05:09:49.446] [INFO] access - path: /api/ | method: GET | ua: ApiPOST Runtime +https://www.apipost.cn
[2022-08-27T05:10:03.554] [INFO] access - path: /api/ | method: GET | ua: ApiPOST Runtime +https://www.apipost.cn
[2022-08-27T05:11:52.216] [INFO] access - path: /api/ | method: GET | ua: ApiPOST Runtime +https://www.apipost.cn
[2022-08-27T05:12:11.675] [INFO] access - path: /api/ | method: GET | ua: ApiPOST Runtime +https://www.apipost.cn
[2022-08-27T05:13:10.557] [INFO] access - path: /api/ | method: GET | ua: ApiPOST Runtime +https://www.apipost.cn
[2022-08-27T05:13:24.821] [INFO] access - path: /api/ | method: GET | ua: ApiPOST Runtime +https://www.apipost.cn
[2022-08-27T05:13:28.645] [INFO] access - path: /api/ | method: GET | ua: ApiPOST Runtime +https://www.apipost.cn
[2022-08-27T05:33:46.430] [INFO] access - path: /api/login | method: GET | ua: ApiPOST Runtime +https://www.apipost.cn
[2022-08-27T05:33:57.565] [INFO] access - path: /api | method: GET | ua: ApiPOST Runtime +https://www.apipost.cn
[2022-08-27T05:34:05.390] [INFO] access - path: /api | method: GET | ua: ApiPOST Runtime +https://www.apipost.cn
[2022-08-27T05:35:15.832] [INFO] access - path: /api | method: GET | ua: ApiPOST Runtime +https://www.apipost.cn
[2022-08-27T05:37:11.847] [INFO] access - path: /api | method: GET | ua: ApiPOST Runtime +https://www.apipost.cn
[2022-08-27T05:37:14.752] [INFO] access - path: /api | method: GET | ua: ApiPOST Runtime +https://www.apipost.cn
[2022-08-27T05:37:20.619] [INFO] access - path: /api | method: GET | ua: ApiPOST Runtime +https://www.apipost.cn
[2022-08-27T05:37:42.584] [INFO] access - path: /api | method: GET | ua: ApiPOST Runtime +https://www.apipost.cn
[2022-08-27T05:37:44.759] [INFO] access - path: /api | method: GET | ua: ApiPOST Runtime +https://www.apipost.cn
[2022-08-27T05:37:51.466] [INFO] access - path: /api | method: GET | ua: ApiPOST Runtime +https://www.apipost.cn
[2022-08-27T05:37:54.579] [INFO] access - path: /api | method: GET | ua: ApiPOST Runtime +https://www.apipost.cn
[2022-08-27T05:39:05.567] [INFO] access - path: /api/ | method: GET | ua: ApiPOST Runtime +https://www.apipost.cn
[2022-08-27T05:39:30.891] [INFO] access - path: /api/ | method: GET | ua: ApiPOST Runtime +https://www.apipost.cn
[2022-08-27T05:39:32.358] [INFO] access - path: /api/ | method: GET | ua: ApiPOST Runtime +https://www.apipost.cn
[2022-08-27T05:39:36.149] [INFO] access - path: /api/ | method: GET | ua: ApiPOST Runtime +https://www.apipost.cn
[2022-08-27T05:39:36.786] [INFO] access - path: /api/ | method: GET | ua: ApiPOST Runtime +https://www.apipost.cn
[2022-08-27T05:39:37.357] [INFO] access - path: /api/ | method: GET | ua: ApiPOST Runtime +https://www.apipost.cn
[2022-08-27T05:39:37.834] [INFO] access - path: /api/ | method: GET | ua: ApiPOST Runtime +https://www.apipost.cn
[2022-08-27T05:39:55.615] [INFO] access - path: /api/login | method: GET | ua: ApiPOST Runtime +https://www.apipost.cn
[2022-08-27T05:39:58.714] [INFO] access - path: /api/ | method: GET | ua: ApiPOST Runtime +https://www.apipost.cn
[2022-08-27T05:40:00.865] [INFO] access - path: /api | method: GET | ua: ApiPOST Runtime +https://www.apipost.cn
[2022-08-27T05:40:04.318] [INFO] access - path: /api | method: GET | ua: ApiPOST Runtime +https://www.apipost.cn
[2022-08-27T05:40:52.048] [INFO] access - path: /api | method: GET | ua: ApiPOST Runtime +https://www.apipost.cn
[2022-08-27T05:41:14.027] [INFO] access - path: /api | method: GET | ua: ApiPOST Runtime +https://www.apipost.cn
[2022-08-27T05:41:43.249] [INFO] access - path: /api | method: GET | ua: ApiPOST Runtime +https://www.apipost.cn
[2022-08-27T05:42:29.431] [INFO] access - path: /api.login | method: GET | ua: ApiPOST Runtime +https://www.apipost.cn
[2022-08-27T05:42:33.095] [INFO] access - path: /api/login | method: GET | ua: ApiPOST Runtime +https://www.apipost.cn
[2022-08-27T05:43:28.556] [INFO] access - path: /api | method: GET | ua: ApiPOST Runtime +https://www.apipost.cn
[2022-08-27T05:43:30.997] [INFO] access - path: /api/login | method: GET | ua: ApiPOST Runtime +https://www.apipost.cn
[2022-08-27T05:44:31.161] [INFO] access - path: /api | method: GET | ua: ApiPOST Runtime +https://www.apipost.cn
[2022-08-27T05:45:26.834] [INFO] access - path: /api | method: GET | ua: ApiPOST Runtime +https://www.apipost.cn
[2022-08-27T05:46:13.677] [INFO] access - path: /api | method: GET | ua: ApiPOST Runtime +https://www.apipost.cn
[2022-08-27T05:46:32.658] [INFO] access - path: /api | method: GET | ua: ApiPOST Runtime +https://www.apipost.cn
[2022-08-27T05:46:36.855] [INFO] access - path: /api | method: GET | ua: ApiPOST Runtime +https://www.apipost.cn
[2022-08-27T05:46:56.409] [INFO] access - path: /api | method: GET | ua: ApiPOST Runtime +https://www.apipost.cn
[2022-08-27T05:47:33.768] [INFO] access - path: /api | method: GET | ua: ApiPOST Runtime +https://www.apipost.cn
[2022-08-27T05:47:58.697] [INFO] access - path: /api | method: GET | ua: ApiPOST Runtime +https://www.apipost.cn
[2022-08-27T05:48:08.770] [INFO] access - path: /api | method: GET | ua: ApiPOST Runtime +https://www.apipost.cn
[2022-08-27T05:48:09.952] [INFO] access - path: /api | method: GET | ua: ApiPOST Runtime +https://www.apipost.cn
[2022-08-27T05:48:13.181] [INFO] access - path: /api | method: GET | ua: ApiPOST Runtime +https://www.apipost.cn
[2022-08-27T05:48:29.121] [INFO] access - path: /api | method: GET | ua: ApiPOST Runtime +https://www.apipost.cn
[2022-08-27T05:49:28.243] [INFO] access - path: /api | method: GET | ua: ApiPOST Runtime +https://www.apipost.cn
[2022-08-27T05:50:26.289] [INFO] access - path: /api | method: GET | ua: ApiPOST Runtime +https://www.apipost.cn
[2022-08-27T05:50:30.719] [INFO] access - path: /api | method: GET | ua: ApiPOST Runtime +https://www.apipost.cn
[2022-08-27T05:50:45.782] [INFO] access - path: /api | method: GET | ua: ApiPOST Runtime +https://www.apipost.cn
[2022-08-27T05:50:54.283] [INFO] access - path: /api | method: GET | ua: ApiPOST Runtime +https://www.apipost.cn
[2022-08-27T05:50:57.279] [INFO] access - path: /api | method: GET | ua: ApiPOST Runtime +https://www.apipost.cn
[2022-08-27T05:51:03.404] [INFO] access - path: /api | method: GET | ua: ApiPOST Runtime +https://www.apipost.cn
[2022-08-27T05:51:18.111] [INFO] access - path: /api | method: GET | ua: ApiPOST Runtime +https://www.apipost.cn
[2022-08-27T05:51:56.329] [INFO] access - path: /api | method: GET | ua: ApiPOST Runtime +https://www.apipost.cn
[2022-08-27T05:53:15.606] [INFO] access - path: /api | method: GET | ua: ApiPOST Runtime +https://www.apipost.cn
[2022-08-27T05:53:32.861] [INFO] access - path: /api | method: GET | ua: undefined
[2022-08-27T05:53:36.229] [INFO] access - path: /api | method: GET | ua: undefined
[2022-08-27T05:53:41.174] [INFO] access - path: /api | method: GET | ua: undefined
[2022-08-27T05:53:44.499] [INFO] access - path: /api | method: GET | ua: undefined
[2022-08-27T05:54:16.829] [INFO] access - path: /api | method: GET | ua: ApiPOST Runtime +https://www.apipost.cn
[2022-08-27T05:54:23.805] [INFO] access - path: /api | method: GET | ua: undefined
[2022-08-27T05:54:28.868] [INFO] access - path: /api | method: GET | ua: undefined
[2022-08-27T05:54:31.910] [INFO] access - path: /api | method: GET | ua: undefined
[2022-08-27T05:54:38.062] [INFO] access - path: /api | method: GET | ua: undefined
[2022-08-27T05:56:01.602] [INFO] access - path: /api | method: GET | ua: undefined
[2022-08-27T05:56:12.475] [INFO] access - path: /api | method: GET | ua: undefined
[2022-08-27T05:56:33.183] [INFO] access - path: /api/login | method: GET | ua: undefined
[2022-08-27T05:56:54.182] [INFO] access - path: /api | method: GET | ua: undefined
[2022-08-27T05:57:10.311] [INFO] access - path: /api/login | method: GET | ua: undefined
[2022-08-27T05:58:21.573] [INFO] access - path: /api/login | method: GET | ua: undefined
[2022-08-27T05:58:23.853] [INFO] access - path: /api/login | method: GET | ua: undefined
[2022-08-27T05:58:24.420] [INFO] access - path: /api/login | method: GET | ua: undefined
[2022-08-27T05:58:25.029] [INFO] access - path: /api/login | method: GET | ua: undefined
[2022-08-27T05:58:38.756] [INFO] access - path: /api | method: GET | ua: undefined
[2022-08-27T05:59:08.864] [INFO] access - path: /api | method: GET | ua: undefined
[2022-08-27T05:59:10.865] [INFO] access - path: /api | method: GET | ua: undefined
[2022-08-27T05:59:28.520] [INFO] access - path: /api | method: GET | ua: undefined
[2022-08-27T06:00:54.967] [INFO] access - path: /api | method: GET | ua: undefined
[2022-08-27T06:01:02.231] [INFO] access - path: /api | method: GET | ua: undefined
[2022-08-27T06:01:14.688] [INFO] access - path: /api | method: GET | ua: undefined
[2022-08-27T06:01:16.924] [INFO] access - path: /api | method: GET | ua: undefined
[2022-08-27T06:01:20.122] [INFO] access - path: /api | method: GET | ua: undefined
[2022-08-27T06:04:40.069] [INFO] access - path: /api/login | method: GET | ua: undefined
[2022-08-27T06:04:42.353] [INFO] access - path: /api | method: GET | ua: undefined
[2022-08-27T06:04:43.126] [INFO] access - path: /api | method: GET | ua: undefined
[2022-08-27T06:05:05.506] [INFO] access - path: /api | method: GET | ua: undefined
[2022-08-27T06:05:13.300] [INFO] access - path: /api | method: GET | ua: undefined
[2022-08-27T06:05:14.942] [INFO] access - path: /api | method: GET | ua: undefined
[2022-08-27T06:05:29.543] [INFO] access - path: /api | method: GET | ua: undefined
[2022-08-27T06:05:37.606] [INFO] access - path: /api | method: GET | ua: undefined
[2022-08-27T06:06:04.470] [INFO] access - path: /api | method: GET | ua: undefined
[2022-08-27T06:06:09.956] [INFO] access - path: /api/login | method: GET | ua: undefined
[2022-08-27T06:06:11.822] [INFO] access - path: /api | method: GET | ua: undefined
[2022-08-27T06:06:57.632] [INFO] access - path: /api | method: GET | ua: undefined
[2022-08-27T06:08:20.976] [INFO] access - path: /api | method: GET | ua: undefined
[2022-08-27T06:08:23.805] [INFO] access - path: /api | method: GET | ua: undefined
[2022-08-27T06:09:43.228] [INFO] access - path: /api | method: GET | ua: undefined
[2022-08-27T06:09:56.591] [INFO] access - path: /api | method: GET | ua: undefined
[2022-08-27T06:11:24.655] [INFO] access - path: /api | method: GET | ua: undefined
[2022-08-27T06:11:30.365] [INFO] access - path: /api | method: GET | ua: undefined
[2022-08-27T06:13:39.856] [INFO] access - path: /api | method: GET | ua: undefined
[2022-08-27T06:13:44.797] [INFO] access - path: /api | method: GET | ua: undefined
