[2022-08-31T19:43:36.509] [INFO] db - Executing (default): SELECT `id`, `create_time`, `update_time` FROM `Admin` AS `Admin` LIMIT 1;
[2022-08-31T19:44:04.317] [INFO] db - Executing (default): SELECT 1+1 AS result
[2022-08-31T19:45:05.555] [INFO] db - Executing (default): SELECT 1+1 AS result
[2022-08-31T19:45:10.087] [INFO] db - Executing (default): SELECT `id`, `create_time`, `update_time` FROM `Admin` AS `Admin` WHERE `Admin`.`id` = 10;
[2022-08-31T20:44:45.973] [INFO] db - Executing (default): SELECT 1+1 AS result
[2022-08-31T20:45:20.042] [INFO] db - Executing (default): SELECT 1+1 AS result
[2022-08-31T20:46:35.844] [INFO] db - Executing (default): SELECT 1+1 AS result
[2022-08-31T20:47:00.884] [INFO] db - Executing (default): SELECT 1+1 AS result
[2022-08-31T20:48:15.924] [INFO] db - Executing (default): SELECT 1+1 AS result
[2022-08-31T20:48:17.132] [INFO] db - Executing (default): SELECT `id`, `create_time`, `update_time` FROM `Admin` AS `Admin` WHERE `Admin`.`id` = 10;
[2022-08-31T20:48:27.607] [INFO] db - Executing (default): SELECT 1+1 AS result
[2022-08-31T20:48:28.854] [INFO] db - Executing (default): SELECT `id`, `create_time`, `update_time` FROM `Admin` AS `Admin` WHERE `Admin`.`id` = 10;
[2022-08-31T21:02:20.412] [INFO] db - Executing (default): SELECT 1+1 AS result
[2022-08-31T21:02:22.733] [INFO] db - Executing (default): SELECT 1+1 AS result
[2022-08-31T21:02:39.673] [INFO] db - Executing (default): SELECT 1+1 AS result
[2022-08-31T21:02:52.339] [INFO] db - Executing (default): SELECT `id`, `create_time`, `update_time` FROM `Admin` AS `Admin` WHERE `Admin`.`id` = 10;
[2022-08-31T21:05:58.333] [INFO] db - Executing (default): SELECT 1+1 AS result
[2022-08-31T21:06:00.621] [INFO] db - Executing (default): SELECT 1+1 AS result
[2022-08-31T21:06:12.085] [INFO] db - Executing (default): SELECT 1+1 AS result
[2022-08-31T21:07:22.414] [INFO] db - Executing (default): SELECT 1+1 AS result
[2022-08-31T21:07:35.692] [INFO] db - Executing (default): SELECT 1+1 AS result
[2022-08-31T21:07:39.948] [INFO] db - Executing (default): SELECT 1+1 AS result
[2022-08-31T21:08:14.082] [INFO] db - Executing (default): SELECT 1+1 AS result
[2022-08-31T21:08:51.693] [INFO] db - Executing (default): SELECT 1+1 AS result
[2022-08-31T21:08:56.332] [INFO] db - Executing (default): SELECT 1+1 AS result
[2022-08-31T21:09:13.752] [INFO] db - Executing (default): SELECT 1+1 AS result
[2022-08-31T21:09:22.908] [INFO] db - Executing (default): SELECT 1+1 AS result
[2022-08-31T21:09:28.850] [INFO] db - Executing (default): SELECT `id`, `create_time`, `update_time` FROM `Admin` AS `Admin` WHERE `Admin`.`id` = 1;
[2022-08-31T21:10:37.682] [INFO] db - Executing (default): SELECT 1+1 AS result
[2022-08-31T21:10:42.101] [INFO] db - Executing (default): SELECT `id`, `name`, `create_time`, `update_time` FROM `Admin` AS `Admin` WHERE `Admin`.`id` = 1;
[2022-08-31T21:11:01.092] [INFO] db - Executing (default): SELECT 1+1 AS result
[2022-08-31T21:11:02.294] [INFO] db - Executing (default): SELECT `id`, `name`, `create_time`, `update_time` FROM `Admin` AS `Admin` WHERE `Admin`.`id` = 1;
[2022-08-31T21:11:17.390] [INFO] db - Executing (default): SELECT 1+1 AS result
[2022-08-31T21:13:34.793] [INFO] db - Executing (default): SELECT 1+1 AS result
[2022-08-31T21:13:41.348] [INFO] db - Executing (default): SELECT 1+1 AS result
[2022-08-31T21:13:44.961] [INFO] db - Executing (default): SELECT 1+1 AS result
[2022-08-31T21:14:01.736] [INFO] db - Executing (default): SELECT `id`, `name`, `create_time`, `update_time` FROM `Admin` AS `Admin` WHERE `Admin`.`id` = 11;
[2022-08-31T21:14:13.315] [INFO] db - Executing (default): SELECT 1+1 AS result
[2022-08-31T21:14:23.544] [INFO] db - Executing (default): SELECT 1+1 AS result
[2022-08-31T21:15:26.960] [INFO] db - Executing (default): SELECT 1+1 AS result
[2022-08-31T21:16:24.866] [INFO] db - Executing (default): SELECT 1+1 AS result
[2022-08-31T21:19:48.251] [INFO] db - Executing (default): SELECT 1+1 AS result
[2022-08-31T22:06:15.280] [INFO] db - Executing (default): SELECT 1+1 AS result
[2022-08-31T22:06:23.209] [INFO] db - Executing (default): SELECT 1+1 AS result
[2022-08-31T22:25:15.305] [INFO] db - Executing (default): SELECT 1+1 AS result
[2022-08-31T22:34:49.353] [INFO] db - Executing (default): SELECT 1+1 AS result
[2022-08-31T22:38:12.757] [INFO] db - Executing (default): SELECT 1+1 AS result
[2022-08-31T22:41:12.421] [INFO] db - Executing (default): SELECT 1+1 AS result
[2022-08-31T22:41:16.472] [INFO] db - Executing (default): SELECT 1+1 AS result
[2022-08-31T22:41:21.981] [INFO] db - Executing (default): SELECT 1+1 AS result
[2022-08-31T22:42:28.705] [INFO] db - Executing (default): SELECT 1+1 AS result
[2022-09-01T01:22:04.513] [INFO] db - Executing (default): SELECT 1+1 AS result
[2022-09-01T01:22:40.946] [INFO] db - Executing (default): SELECT 1+1 AS result
[2022-09-01T01:33:47.625] [INFO] db - Executing (default): SELECT 1+1 AS result
[2022-09-01T01:34:43.175] [INFO] db - Executing (default): SELECT count(*) AS `count` FROM `Good` AS `Good`;
[2022-09-01T01:34:43.176] [INFO] db - Executing (default): SELECT `id`, `create_time`, `update_time` FROM `Good` AS `Good` LIMIT 0, 0;
[2022-09-01T01:35:38.457] [INFO] db - Executing (default): SELECT 1+1 AS result
[2022-09-01T01:35:43.939] [INFO] db - Executing (default): SELECT count(*) AS `count` FROM `Good` AS `Good`;
[2022-09-01T01:35:43.942] [INFO] db - Executing (default): SELECT `id`, `create_time`, `update_time` FROM `Good` AS `Good` LIMIT -15, 15;
[2022-09-01T01:36:12.061] [INFO] db - Executing (default): SELECT 1+1 AS result
[2022-09-01T01:36:13.762] [INFO] db - Executing (default): SELECT count(*) AS `count` FROM `Good` AS `Good`;
[2022-09-01T01:36:13.765] [INFO] db - Executing (default): SELECT `id`, `create_time`, `update_time` FROM `Good` AS `Good` LIMIT 0, 0;
[2022-09-01T01:36:24.567] [INFO] db - Executing (default): SELECT 1+1 AS result
[2022-09-01T01:36:26.197] [INFO] db - Executing (default): SELECT count(*) AS `count` FROM `Good` AS `Good`;
[2022-09-01T01:36:26.202] [INFO] db - Executing (default): SELECT `id`, `create_time`, `update_time` FROM `Good` AS `Good` LIMIT 0, 0;
[2022-09-01T01:36:37.257] [INFO] db - Executing (default): SELECT count(*) AS `count` FROM `Good` AS `Good`;
[2022-09-01T01:36:37.258] [INFO] db - Executing (default): SELECT `id`, `create_time`, `update_time` FROM `Good` AS `Good` LIMIT -10, 10;
[2022-09-01T01:37:05.078] [INFO] db - Executing (default): SELECT 1+1 AS result
[2022-09-01T01:37:29.149] [INFO] db - Executing (default): SELECT count(*) AS `count` FROM `Good` AS `Good`;
[2022-09-01T01:37:29.152] [INFO] db - Executing (default): SELECT `id`, `create_time`, `update_time` FROM `Good` AS `Good` LIMIT -10, 10;
[2022-09-01T01:38:48.379] [INFO] db - Executing (default): SELECT 1+1 AS result
[2022-09-01T01:38:52.975] [INFO] db - Executing (default): SELECT 1+1 AS result
[2022-09-01T01:39:00.524] [INFO] db - Executing (default): SELECT count(*) AS `count` FROM `Good` AS `Good`;
[2022-09-01T01:39:00.528] [INFO] db - Executing (default): SELECT `id`, `create_time`, `update_time` FROM `Good` AS `Good` LIMIT -15, 15;
[2022-09-01T01:39:10.078] [INFO] db - Executing (default): SELECT 1+1 AS result
[2022-09-01T01:39:17.783] [INFO] db - Executing (default): SELECT count(*) AS `count` FROM `Good` AS `Good`;
[2022-09-01T01:39:17.786] [INFO] db - Executing (default): SELECT `id`, `create_time`, `update_time` FROM `Good` AS `Good` LIMIT 0, 10;
[2022-09-01T01:49:50.808] [INFO] db - Executing (default): SELECT 1+1 AS result
[2022-09-01T01:50:40.060] [INFO] db - Executing (default): SELECT 1+1 AS result
[2022-09-01T01:50:51.704] [INFO] db - Executing (default): SELECT 1+1 AS result
[2022-09-01T01:51:10.269] [INFO] db - Executing (default): SELECT 1+1 AS result
[2022-09-01T01:51:45.194] [INFO] db - Executing (default): SELECT 1+1 AS result
[2022-09-01T01:51:49.641] [INFO] db - Executing (default): SELECT 1+1 AS result
[2022-09-01T01:51:50.073] [INFO] db - Executing (default): SELECT count(*) AS `count` FROM `Good` AS `Good` WHERE `Good`.`product_name` = '大';
[2022-09-01T01:51:50.076] [INFO] db - Executing (default): SELECT `id`, `create_time`, `update_time` FROM `Good` AS `Good` WHERE `Good`.`product_name` = '大' LIMIT 0, 15;
[2022-09-01T01:52:00.373] [INFO] db - Executing (default): SELECT 1+1 AS result
[2022-09-01T01:53:06.911] [INFO] db - Executing (default): SELECT 1+1 AS result
[2022-09-01T01:53:13.453] [INFO] db - Executing (default): SELECT count(*) AS `count` FROM `Good` AS `Good` WHERE `Good`.`product_name` = '大';
[2022-09-01T01:53:13.454] [INFO] db - Executing (default): SELECT `id`, `create_time`, `update_time` FROM `Good` AS `Good` WHERE `Good`.`product_name` = '大' LIMIT 0, 15;
[2022-09-01T01:53:22.699] [INFO] db - Executing (default): SELECT count(*) AS `count` FROM `Good` AS `Good` WHERE `Good`.`product_name` = '大';
[2022-09-01T01:53:22.700] [INFO] db - Executing (default): SELECT `id`, `create_time`, `update_time` FROM `Good` AS `Good` WHERE `Good`.`product_name` = '大' LIMIT 0, 15;
[2022-09-01T01:53:30.928] [INFO] db - Executing (default): SELECT count(*) AS `count` FROM `Good` AS `Good` WHERE `Good`.`product_name` = '大';
[2022-09-01T01:53:30.929] [INFO] db - Executing (default): SELECT `id`, `create_time`, `update_time` FROM `Good` AS `Good` WHERE `Good`.`product_name` = '大' LIMIT 0, 15;
[2022-09-01T01:55:41.952] [INFO] db - Executing (default): SELECT 1+1 AS result
[2022-09-01T01:55:42.838] [INFO] db - Executing (default): SELECT count(*) AS `count` FROM `Good` AS `Good` WHERE `Good`.`product_name` = '大';
[2022-09-01T01:55:42.840] [INFO] db - Executing (default): SELECT `id`, `create_time`, `update_time` FROM `Good` AS `Good` WHERE `Good`.`product_name` = '大' LIMIT 0, 15;
[2022-09-01T01:55:52.083] [INFO] db - Executing (default): SELECT 1+1 AS result
[2022-09-01T01:55:53.626] [INFO] db - Executing (default): SELECT count(*) AS `count` FROM `Good` AS `Good` WHERE `Good`.`productName` = '大';
[2022-09-01T01:55:53.672] [INFO] db - Executing (default): SELECT `id`, `create_time`, `update_time` FROM `Good` AS `Good` WHERE `Good`.`productName` = '大' LIMIT 0, 15;
[2022-09-01T01:56:33.786] [INFO] db - Executing (default): SELECT 1+1 AS result
[2022-09-01T01:56:38.549] [INFO] db - Executing (default): SELECT 1+1 AS result
[2022-09-01T01:56:39.518] [INFO] db - Executing (default): SELECT count(*) AS `count` FROM `Good` AS `Good`;
[2022-09-01T01:56:39.520] [INFO] db - Executing (default): SELECT `id`, `create_time`, `update_time` FROM `Good` AS `Good` LIMIT 0, 15;
[2022-09-01T01:56:53.377] [INFO] db - Executing (default): SELECT count(*) AS `count` FROM `Good` AS `Good`;
[2022-09-01T01:56:53.377] [INFO] db - Executing (default): SELECT `id`, `create_time`, `update_time` FROM `Good` AS `Good` LIMIT 30, 15;
[2022-09-01T01:58:24.946] [INFO] db - Executing (default): SELECT 1+1 AS result
[2022-09-01T01:58:26.891] [INFO] db - Executing (default): SELECT 1+1 AS result
[2022-09-01T01:58:27.492] [INFO] db - Executing (default): SELECT count(*) AS `count` FROM `Good` AS `Good`;
[2022-09-01T01:58:27.495] [INFO] db - Executing (default): SELECT `id`, `productName`, `create_time`, `update_time` FROM `Good` AS `Good` LIMIT 30, 15;
[2022-09-01T01:58:48.846] [INFO] db - Executing (default): SELECT 1+1 AS result
[2022-09-01T01:58:53.947] [INFO] db - Executing (default): SELECT count(*) AS `count` FROM `Goods` AS `Good`;
[2022-09-01T01:58:53.992] [INFO] db - Executing (default): SELECT `id`, `productName`, `create_time`, `update_time` FROM `Goods` AS `Good` LIMIT 30, 15;
[2022-09-01T01:59:15.299] [INFO] db - Executing (default): SELECT 1+1 AS result
[2022-09-01T01:59:20.324] [INFO] db - Executing (default): SELECT count(*) AS `count` FROM `Goods` AS `Good`;
[2022-09-01T01:59:20.328] [INFO] db - Executing (default): SELECT `id`, `productName`, `create_time`, `update_time` FROM `Goods` AS `Good` LIMIT 20, 10;
[2022-09-01T02:10:55.845] [INFO] db - Executing (default): SELECT 1+1 AS result
[2022-09-01T02:10:58.403] [INFO] db - Executing (default): SELECT count(*) AS `count` FROM `Good` AS `Good`;
[2022-09-01T02:10:58.452] [INFO] db - Executing (default): SELECT `id`, `productName`, `create_time`, `update_time` FROM `Good` AS `Good` LIMIT 20, 10;
[2022-09-01T02:11:17.931] [INFO] db - Executing (default): SELECT 1+1 AS result
[2022-09-01T02:11:34.548] [INFO] db - Executing (default): SELECT count(*) AS `count` FROM `Good` AS `Good`;
[2022-09-01T02:11:34.553] [INFO] db - Executing (default): SELECT `id`, `productName`, `create_time`, `update_time` FROM `Good` AS `Good` LIMIT 20, 10;
[2022-09-01T02:12:11.968] [INFO] db - Executing (default): SELECT 1+1 AS result
[2022-09-01T02:12:14.771] [INFO] db - Executing (default): SELECT count(*) AS `count` FROM `Good` AS `Good`;
[2022-09-01T02:12:14.773] [INFO] db - Executing (default): SELECT `id`, `create_time`, `update_time` FROM `Good` AS `Good` LIMIT 20, 10;
[2022-09-01T02:15:59.861] [INFO] db - Executing (default): SELECT 1+1 AS result
[2022-09-01T02:16:03.282] [INFO] db - Executing (default): SELECT count(*) AS `count` FROM `Good` AS `Good`;
[2022-09-01T02:16:03.285] [INFO] db - Executing (default): SELECT `id`, `product_name` AS `productName`, `create_time`, `update_time` FROM `Good` AS `Good` LIMIT 20, 10;
[2022-09-01T02:17:19.022] [INFO] db - Executing (default): SELECT 1+1 AS result
[2022-09-01T02:18:30.503] [INFO] db - Executing (default): SELECT 1+1 AS result
[2022-09-01T02:18:32.159] [INFO] db - Executing (default): SELECT count(*) AS `count` FROM `Good` AS `Good` WHERE `Good`.`product_name` = '大';
[2022-09-01T02:18:32.161] [INFO] db - Executing (default): SELECT `id`, `product_name` AS `productName`, `create_time`, `update_time` FROM `Good` AS `Good` WHERE `Good`.`product_name` = '大' LIMIT 20, 10;
[2022-09-01T02:18:40.164] [INFO] db - Executing (default): SELECT count(*) AS `count` FROM `Good` AS `Good` WHERE `Good`.`product_name` = '大';
[2022-09-01T02:18:40.164] [INFO] db - Executing (default): SELECT `id`, `product_name` AS `productName`, `create_time`, `update_time` FROM `Good` AS `Good` WHERE `Good`.`product_name` = '大' LIMIT 0, 200;
[2022-09-01T02:18:44.379] [INFO] db - Executing (default): SELECT count(*) AS `count` FROM `Good` AS `Good` WHERE `Good`.`product_name` = '大';
[2022-09-01T02:18:44.379] [INFO] db - Executing (default): SELECT `id`, `product_name` AS `productName`, `create_time`, `update_time` FROM `Good` AS `Good` WHERE `Good`.`product_name` = '大' LIMIT 0, 100;
[2022-09-01T02:18:52.968] [INFO] db - Executing (default): SELECT 1+1 AS result
[2022-09-01T02:18:53.011] [INFO] db - Executing (default): SELECT count(*) AS `count` FROM `Good` AS `Good` WHERE `Good`.`product_name` = '大';
[2022-09-01T02:18:53.013] [INFO] db - Executing (default): SELECT `id`, `product_name` AS `productName`, `create_time`, `update_time` FROM `Good` AS `Good` WHERE `Good`.`product_name` = '大' LIMIT 0, 100;
[2022-09-01T02:18:59.921] [INFO] db - Executing (default): SELECT count(*) AS `count` FROM `Good` AS `Good` WHERE `Good`.`product_name` = '大';
[2022-09-01T02:18:59.921] [INFO] db - Executing (default): SELECT `id`, `product_name` AS `productName`, `create_time`, `update_time` FROM `Good` AS `Good` WHERE `Good`.`product_name` = '大' LIMIT 0, 10;
[2022-09-01T02:19:18.394] [INFO] db - Executing (default): SELECT 1+1 AS result
[2022-09-01T02:23:13.228] [INFO] db - Executing (default): SELECT 1+1 AS result
[2022-09-01T02:23:26.322] [INFO] db - Executing (default): SELECT 1+1 AS result
[2022-09-01T02:24:05.240] [INFO] db - Executing (default): SELECT 1+1 AS result
[2022-09-01T02:24:23.445] [INFO] db - Executing (default): SELECT count(*) AS `count` FROM `Good` AS `Good`;
[2022-09-01T02:24:23.448] [INFO] db - Executing (default): SELECT `id`, `product_name` AS `productName`, `create_time`, `update_time` FROM `Good` AS `Good` LIMIT 0, 10;
[2022-09-01T02:25:57.457] [INFO] db - Executing (default): SELECT 1+1 AS result
[2022-09-01T02:25:59.205] [INFO] db - Executing (default): SELECT count(*) AS `count` FROM `Good` AS `Good` WHERE `Good`.`product_name` = '大';
[2022-09-01T02:25:59.207] [INFO] db - Executing (default): SELECT `id`, `product_name` AS `productName`, `create_time`, `update_time` FROM `Good` AS `Good` WHERE `Good`.`product_name` = '大' LIMIT 0, 10;
[2022-09-01T02:26:16.780] [INFO] db - Executing (default): SELECT 1+1 AS result
[2022-09-01T02:26:21.248] [INFO] db - Executing (default): SELECT 1+1 AS result
[2022-09-01T02:26:23.999] [INFO] db - Executing (default): SELECT count(*) AS `count` FROM `Good` AS `Good` WHERE `Good`.`product_name` = '芹菜';
[2022-09-01T02:26:24.000] [INFO] db - Executing (default): SELECT `id`, `product_name` AS `productName`, `create_time`, `update_time` FROM `Good` AS `Good` WHERE `Good`.`product_name` = '芹菜' LIMIT 0, 10;
[2022-09-01T02:26:56.912] [INFO] db - Executing (default): SELECT 1+1 AS result
[2022-09-01T02:29:50.396] [INFO] db - Executing (default): SELECT 1+1 AS result
[2022-09-01T02:30:12.397] [INFO] db - Executing (default): SELECT 1+1 AS result
[2022-09-01T02:45:54.659] [INFO] db - Executing (default): SELECT 1+1 AS result
[2022-09-01T02:45:57.568] [INFO] db - Executing (default): SELECT count(*) AS `count` FROM `Good` AS `Good`;
[2022-09-01T02:45:57.571] [INFO] db - Executing (default): SELECT `id`, `product_name` AS `productName`, `create_time`, `update_time` FROM `Good` AS `Good` LIMIT 0, 10;
[2022-09-01T02:47:38.948] [INFO] db - Executing (default): SELECT 1+1 AS result
[2022-09-01T02:47:48.260] [INFO] db - Executing (default): SELECT 1+1 AS result
[2022-09-01T02:47:53.580] [INFO] db - Executing (default): SELECT 1+1 AS result
[2022-09-02T05:09:12.150] [INFO] db - Executing (default): SELECT 1+1 AS result
[2022-09-02T05:09:13.517] [INFO] db - Executing (default): SELECT count(*) AS `count` FROM `Good` AS `Good`;
[2022-09-02T05:09:13.521] [INFO] db - Executing (default): SELECT `id`, `product_name` AS `productName`, `create_time`, `update_time` FROM `Good` AS `Good` LIMIT 0, 10;
[2022-09-02T05:09:49.433] [INFO] db - Executing (default): SELECT 1+1 AS result
[2022-09-02T05:09:51.744] [INFO] db - Executing (default): SELECT count(*) AS `count` FROM `Good` AS `Good`;
[2022-09-02T05:09:51.746] [INFO] db - Executing (default): SELECT `id`, `product_name` AS `productName`, `createdAt`, `updatedAt` FROM `Good` AS `Good` LIMIT 0, 10;
[2022-09-02T05:16:45.624] [INFO] db - Executing (default): SELECT 1+1 AS result
[2022-09-02T05:16:50.114] [INFO] db - Executing (default): SELECT count(*) AS `count` FROM `Good` AS `Good`;
[2022-09-02T05:16:50.117] [INFO] db - Executing (default): SELECT `id`, `product_name` AS `productName`, `create_time`, `update_time` FROM `Good` AS `Good` LIMIT 0, 10;
[2022-09-02T05:27:26.935] [INFO] db - Executing (default): SELECT 1+1 AS result
[2022-09-02T05:27:29.758] [INFO] db - Executing (default): SELECT count(*) AS `count` FROM `Good` AS `Good`;
[2022-09-02T05:27:29.760] [INFO] db - Executing (default): SELECT `id`, `product_name` AS `productName`, `create_time` AS `createTime`, `create_time`, `update_time` FROM `Good` AS `Good` LIMIT 0, 10;
[2022-09-02T05:38:11.705] [INFO] db - Executing (default): SELECT 1+1 AS result
[2022-09-02T05:38:54.034] [INFO] db - Executing (default): SELECT 1+1 AS result
[2022-09-02T05:40:14.751] [INFO] db - Executing (default): SELECT 1+1 AS result
[2022-09-02T05:40:38.850] [INFO] db - Executing (default): SELECT 1+1 AS result
[2022-09-02T05:41:20.211] [INFO] db - Executing (default): SELECT `id`, `product_name` AS `productName`, `create_time` AS `createTime`, `create_time`, `update_time` FROM `Good` AS `Good`;
[2022-09-02T06:11:31.422] [INFO] db - Executing (default): SELECT 1+1 AS result
[2022-09-02T06:15:22.006] [INFO] db - Executing (default): SELECT count(*) AS `count` FROM `Good` AS `Good`;
[2022-09-02T06:15:22.006] [INFO] db - Executing (default): SELECT `id`, `product_name` AS `productName`, `create_time` AS `createTime`, `create_time`, `update_time` FROM `Good` AS `Good` LIMIT 0, 10;
[2022-09-02T06:17:57.144] [INFO] db - Executing (default): SELECT 1+1 AS result
[2022-09-02T08:08:10.883] [INFO] db - Executing (default): SELECT count(*) AS `count` FROM `Good` AS `Good`;
[2022-09-02T08:08:10.884] [INFO] db - Executing (default): SELECT `id`, `product_name` AS `productName`, `create_time` AS `createTime`, `create_time`, `update_time` FROM `Good` AS `Good` LIMIT 0, 10;
[2022-09-02T08:09:06.558] [INFO] db - Executing (default): SELECT 1+1 AS result
[2022-09-02T08:09:17.301] [INFO] db - Executing (default): SELECT count(*) AS `count` FROM `Good` AS `Good`;
[2022-09-02T08:09:17.304] [INFO] db - Executing (default): SELECT `id`, `product_name` AS `productName`, `create_time`, `update_time` FROM `Good` AS `Good` LIMIT 0, 10;
[2022-09-02T08:09:34.701] [INFO] db - Executing (default): SELECT 1+1 AS result
[2022-09-02T08:09:36.998] [INFO] db - Executing (default): SELECT count(*) AS `count` FROM `Good` AS `Good`;
[2022-09-02T08:09:37.000] [INFO] db - Executing (default): SELECT `id`, `product_name` AS `productName`, `createTime`, `updateTime` FROM `Good` AS `Good` LIMIT 0, 10;
[2022-09-02T08:09:52.477] [INFO] db - Executing (default): SELECT 1+1 AS result
[2022-09-02T08:10:01.818] [INFO] db - Executing (default): SELECT count(*) AS `count` FROM `Good` AS `Good`;
[2022-09-02T08:10:01.821] [INFO] db - Executing (default): SELECT `id`, `product_name` AS `productName`, `create_time`, `update_time` FROM `Good` AS `Good` LIMIT 0, 10;
[2022-09-02T08:10:50.871] [INFO] db - Executing (default): SELECT 1+1 AS result
[2022-09-02T08:11:26.670] [INFO] db - Executing (default): SELECT 1+1 AS result
[2022-09-02T08:12:10.134] [INFO] db - Executing (default): SELECT 1+1 AS result
[2022-09-02T08:12:11.637] [INFO] db - Executing (default): SELECT count(*) AS `count` FROM `Good` AS `Good`;
[2022-09-02T08:12:11.640] [INFO] db - Executing (default): SELECT `id`, `product_name` AS `productName`, `createTime`, `update_time` FROM `Good` AS `Good` LIMIT 0, 10;
[2022-09-02T08:14:24.216] [INFO] db - Executing (default): SELECT 1+1 AS result
[2022-09-02T08:14:26.222] [INFO] db - Executing (default): SELECT count(*) AS `count` FROM `Good` AS `Good`;
[2022-09-02T08:14:26.225] [INFO] db - Executing (default): SELECT `id`, `product_name` AS `productName`, `createTime`, `update_time` FROM `Good` AS `Good` LIMIT 0, 10;
[2022-09-02T08:14:39.407] [INFO] db - Executing (default): SELECT 1+1 AS result
[2022-09-02T08:14:40.841] [INFO] db - Executing (default): SELECT count(*) AS `count` FROM `Good` AS `Good`;
[2022-09-02T08:14:40.844] [INFO] db - Executing (default): SELECT `id`, `product_name` AS `productName`, `create_time`, `update_time` FROM `Good` AS `Good` LIMIT 0, 10;
[2022-09-02T08:25:16.976] [INFO] db - Executing (default): SELECT count(*) AS `count` FROM `Good` AS `Good`;
[2022-09-02T08:25:16.977] [INFO] db - Executing (default): SELECT `id`, `product_name` AS `productName`, `create_time`, `update_time` FROM `Good` AS `Good` LIMIT 0, 10;
[2022-09-02T08:26:41.983] [INFO] db - Executing (default): SELECT 1+1 AS result
[2022-09-02T08:26:44.108] [INFO] db - Executing (default): SELECT count(*) AS `count` FROM `Good` AS `Good`;
[2022-09-02T08:26:44.110] [INFO] db - Executing (default): SELECT `id`, `product_name` AS `productName`, `createdAt`, `updatedAt` FROM `Good` AS `Good` LIMIT 0, 10;
[2022-09-02T08:27:32.833] [INFO] db - Executing (default): SELECT 1+1 AS result
[2022-09-02T08:27:33.770] [INFO] db - Executing (default): SELECT count(*) AS `count` FROM `Good` AS `Good`;
[2022-09-02T08:27:33.772] [INFO] db - Executing (default): SELECT `id`, `product_name` AS `productName`, `create_time`, `update_time` FROM `Good` AS `Good` LIMIT 0, 10;
[2022-09-02T08:27:36.880] [INFO] db - Executing (default): SELECT count(*) AS `count` FROM `Good` AS `Good`;
[2022-09-02T08:27:36.881] [INFO] db - Executing (default): SELECT `id`, `product_name` AS `productName`, `create_time`, `update_time` FROM `Good` AS `Good` LIMIT 0, 3;
[2022-09-02T08:29:46.881] [INFO] db - Executing (default): SELECT `id`, `name`, `create_time`, `update_time` FROM `Admin` AS `Admin` WHERE `Admin`.`id` = 11;
[2022-09-02T08:30:01.877] [INFO] db - Executing (default): SELECT 1+1 AS result
[2022-09-02T08:31:18.221] [INFO] db - Executing (default): SELECT `id`, `name`, `create_time`, `update_time` FROM `Admin` AS `Admin` WHERE `Admin`.`id` = 1;
[2022-09-02T22:07:12.217] [INFO] db - Executing (default): SELECT 1+1 AS result
[2022-09-02T22:08:33.005] [INFO] db - Executing (default): SELECT 1+1 AS result
